<?xml version="1.0" encoding="UTF-8"?>
<!-- Generated by org.testng.reporters.JUnitReportReporter -->
<testsuite skipped="0" hostname="DELL-235CI4GQPV" name="com.syntax.practice.ExcelWriteDemo" tests="1" failures="0" timestamp="15 Jun 2019 15:17:20 GMT" time="2.538" errors="0">
  <testcase name="writeExcel" time="2.538" classname="com.syntax.practice.ExcelWriteDemo"/>
</testsuite> <!-- com.syntax.practice.ExcelWriteDemo -->
