<?xml version="1.0" encoding="UTF-8"?>
<!-- Generated by org.testng.reporters.JUnitReportReporter -->
<testsuite skipped="0" hostname="DELL-235CI4GQPV" name="com.syntax.testcases.AddEmployeePageTest" tests="3" failures="0" timestamp="15 Jun 2019 18:53:04 GMT" time="66.112" errors="0">
  <testcase name="addEmployee" time="22.462" classname="com.syntax.testcases.AddEmployeePageTest"/>
  <testcase name="addEmployee" time="22.323" classname="com.syntax.testcases.AddEmployeePageTest"/>
  <testcase name="addEmployee" time="21.327" classname="com.syntax.testcases.AddEmployeePageTest"/>
</testsuite> <!-- com.syntax.testcases.AddEmployeePageTest -->
