<?xml version="1.0" encoding="UTF-8"?>
<!-- Generated by org.testng.reporters.JUnitReportReporter -->
<testsuite skipped="0" hostname="DELL-235CI4GQPV" name="com.syntax.testcases.ExcelDemo" tests="1" failures="0" timestamp="14 Jun 2019 15:25:55 GMT" time="2.653" errors="0">
  <testcase name="readExcel" time="2.653" classname="com.syntax.testcases.ExcelDemo"/>
</testsuite> <!-- com.syntax.testcases.ExcelDemo -->
