<?xml version="1.0" encoding="UTF-8"?>
<!-- Generated by org.testng.reporters.JUnitReportReporter -->
<testsuite skipped="0" hostname="DELL-235CI4GQPV" name="com.syntax.pages.LoginPageTest" tests="1" failures="0" timestamp="09 Jun 2019 03:12:59 GMT" time="15.366" errors="0">
  <testcase name="loginToOrangeHRM" time="15.366" classname="com.syntax.pages.LoginPageTest"/>
</testsuite> <!-- com.syntax.pages.LoginPageTest -->
