<?xml version="1.0" encoding="UTF-8"?>
<!-- Generated by org.testng.reporters.JUnitReportReporter -->
<testsuite skipped="0" hostname="DELL-235CI4GQPV" name="com.syntax.practice.ExcelReveiw" tests="1" failures="0" timestamp="15 Jun 2019 14:45:28 GMT" time="1.161" errors="0">
  <testcase name="readExcel" time="1.161" classname="com.syntax.practice.ExcelReveiw"/>
</testsuite> <!-- com.syntax.practice.ExcelReveiw -->
