<?xml version="1.0" encoding="UTF-8"?>
<!-- Generated by org.testng.reporters.JUnitReportReporter -->
<testsuite skipped="0" hostname="DELL-235CI4GQPV" name="com.syntax.testcases.AddLocationTest" tests="5" failures="0" timestamp="17 Jun 2019 17:26:00 GMT" time="130.235" errors="0">
  <testcase name="addLocation" time="17.872" classname="com.syntax.testcases.AddLocationTest"/>
  <testcase name="addLocation" time="26.478" classname="com.syntax.testcases.AddLocationTest"/>
  <testcase name="addLocation" time="29.278" classname="com.syntax.testcases.AddLocationTest"/>
  <testcase name="addLocation" time="31.785" classname="com.syntax.testcases.AddLocationTest"/>
  <testcase name="addLocation" time="24.822" classname="com.syntax.testcases.AddLocationTest"/>
</testsuite> <!-- com.syntax.testcases.AddLocationTest -->
